[debug] [2025-12-14T20:50:08.185Z] ----------------------------------------------------------------------
[debug] [2025-12-14T20:50:08.186Z] Command:       /usr/local/bin/node /Users/keita/.npm/_npx/7750544ccf494d8b/node_modules/.bin/firebase init
[debug] [2025-12-14T20:50:08.186Z] CLI Version:   15.0.0
[debug] [2025-12-14T20:50:08.186Z] Platform:      darwin
[debug] [2025-12-14T20:50:08.186Z] Node Version:  v22.14.0
[debug] [2025-12-14T20:50:08.186Z] Time:          Mon Dec 15 2025 09:50:08 GMT+1300 (ニュージーランド夏時間)
[debug] [2025-12-14T20:50:08.187Z] ----------------------------------------------------------------------
[debug] 
[info] 
     ######## #### ########  ######## ########     ###     ######  ########
     ##        ##  ##     ## ##       ##     ##  ##   ##  ##       ##
     ######    ##  ########  ######   ########  #########  ######  ######
     ##        ##  ##    ##  ##       ##     ## ##     ##       ## ##
     ##       #### ##     ## ######## ########  ##     ##  ######  ########

You're about to initialize a Firebase project in this directory:

  /Users/keita/iCloud Drive（アーカイブ）/Documents/練習用/React output1/study-memo

[info] 
=== Project Setup
[info] 
[info] First, let's associate this project directory with a Firebase project.
[info] You can create multiple project aliases by running firebase use --add, 
[info] 
[debug] [2025-12-14T20:53:52.810Z] > command requires scopes: ["email","openid","https://www.googleapis.com/auth/cloudplatformprojects.readonly","https://www.googleapis.com/auth/firebase","https://www.googleapis.com/auth/cloud-platform"]
[debug] [2025-12-14T20:53:52.811Z] > authorizing via signed-in user (keitaigar.7@gmail.com)
[debug] [2025-12-14T20:53:52.814Z] Checked if tokens are valid: true, expires at: 1765748762335
[debug] [2025-12-14T20:53:52.814Z] Checked if tokens are valid: true, expires at: 1765748762335
[debug] [2025-12-14T20:53:52.817Z] >>> [apiv2][query] GET https://firebase.googleapis.com/v1beta1/projects pageSize=100
[debug] [2025-12-14T20:53:54.084Z] <<< [apiv2][status] GET https://firebase.googleapis.com/v1beta1/projects 200
[debug] [2025-12-14T20:53:54.084Z] <<< [apiv2][body] GET https://firebase.googleapis.com/v1beta1/projects [omitted]
[info] 
=== Hosting Setup
[debug] [2025-12-14T20:54:11.272Z] Checked if tokens are valid: true, expires at: 1765748762335
[debug] [2025-12-14T20:54:11.272Z] Checked if tokens are valid: true, expires at: 1765748762335
[debug] [2025-12-14T20:54:11.272Z] >>> [apiv2][query] GET https://firebase.googleapis.com/v1beta1/projects/react-output-72854 [none]
[debug] [2025-12-14T20:54:12.167Z] <<< [apiv2][status] GET https://firebase.googleapis.com/v1beta1/projects/react-output-72854 200
[debug] [2025-12-14T20:54:12.167Z] <<< [apiv2][body] GET https://firebase.googleapis.com/v1beta1/projects/react-output-72854 {"projectId":"react-output-72854","projectNumber":"691625010058","displayName":"React-output","name":"projects/react-output-72854","resources":{"hostingSite":"react-output-72854"},"state":"ACTIVE","etag":"1_980704b1-1af0-441b-b7f6-f6ef5100bc08"}
[info] 
[info] Your public directory is the folder (relative to your project directory) that
[info] will contain Hosting assets to be uploaded with firebase deploy. If you
[info] have a build process for your assets, use your build's output directory.
[info] 
[info] 
[info] i  Didn't detect a .git folder. Assuming /Users/keita/iCloud Drive（アーカイブ）/Documents/練習用/React output1/study-memo is the project root. 
[info] i  Authorizing with GitHub to upload your service account to a GitHub repository's secrets store. 
[info] 
[info] Visit this URL on this device to log in:
[info] https://github.com/login/oauth/authorize?client_id=89cf50f02ac6aaed3484&state=1061105422&redirect_uri=http%3A%2F%2Flocalhost%3A9005&scope=read%3Auser%20repo%20public_repo
[info] 
[info] Waiting for authentication...
[debug] [2025-12-14T20:57:45.277Z] >>> [apiv2][query] POST https://github.com/login/oauth/access_token [none]
[debug] [2025-12-14T20:57:45.278Z] >>> [apiv2][body] POST https://github.com/login/oauth/access_token [stream]
[debug] [2025-12-14T20:57:46.028Z] <<< [apiv2][status] POST https://github.com/login/oauth/access_token 200
[debug] [2025-12-14T20:57:46.029Z] <<< [apiv2][body] POST https://github.com/login/oauth/access_token {"access_token":"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","token_type":"bearer","scope":"read:user,repo"}
[debug] [2025-12-14T20:57:46.033Z] >>> [apiv2][query] GET https://api.github.com/user [none]
[debug] [2025-12-14T20:57:46.863Z] <<< [apiv2][status] GET https://api.github.com/user 200
[debug] [2025-12-14T20:57:46.863Z] <<< [apiv2][body] GET https://api.github.com/user {"login":"Keitayam","id":145323517,"node_id":"U_kgDOCKl1_Q","avatar_url":"https://avatars.githubusercontent.com/u/145323517?v=4","gravatar_id":"","url":"https://api.github.com/users/Keitayam","html_url":"https://github.com/Keitayam","followers_url":"https://api.github.com/users/Keitayam/followers","following_url":"https://api.github.com/users/Keitayam/following{/other_user}","gists_url":"https://api.github.com/users/Keitayam/gists{/gist_id}","starred_url":"https://api.github.com/users/Keitayam/starred{/owner}{/repo}","subscriptions_url":"https://api.github.com/users/Keitayam/subscriptions","organizations_url":"https://api.github.com/users/Keitayam/orgs","repos_url":"https://api.github.com/users/Keitayam/repos","events_url":"https://api.github.com/users/Keitayam/events{/privacy}","received_events_url":"https://api.github.com/users/Keitayam/received_events","type":"User","user_view_type":"private","site_admin":false,"name":null,"company":null,"blog":"","location":null,"email":null,"hireable":null,"bio":null,"twitter_username":null,"notification_email":null,"public_repos":3,"public_gists":0,"followers":0,"following":0,"created_at":"2023-09-18T06:52:19Z","updated_at":"2025-11-02T19:31:51Z","private_gists":0,"total_private_repos":0,"owned_private_repos":0,"disk_usage":58618,"collaborators":0,"two_factor_authentication":false,"plan":{"name":"free","space":976562499,"collaborators":0,"private_repos":10000}}
[info] 
[info] ✔  Success! Logged into GitHub as Keitayam 
[info] 
[debug] [2025-12-14T20:59:09.131Z] >>> [apiv2][query] GET https://api.github.com/repos/y/actions/secrets/public-key type=owner
[debug] [2025-12-14T20:59:10.262Z] <<< [apiv2][status] GET https://api.github.com/repos/y/actions/secrets/public-key 404
[debug] [2025-12-14T20:59:10.262Z] <<< [apiv2][body] GET https://api.github.com/repos/y/actions/secrets/public-key {"message":"Not Found","documentation_url":"https://docs.github.com/rest","status":"404"}
[info] 
[info] 
[error] ⚠  The provided authorization cannot be used with this repository. If this repository is in an organization, did you remember to grant access? 
[info] 
[info] i  Action required: Visit this URL to ensure access has been granted to the appropriate organization(s) for the Firebase CLI GitHub OAuth App: 
[info] https://github.com/settings/connections/applications/89cf50f02ac6aaed3484
[info] 
[debug] [2025-12-14T21:01:59.536Z] >>> [apiv2][query] GET https://api.github.com/repos/y/actions/secrets/public-key type=owner
[debug] [2025-12-14T21:02:00.384Z] <<< [apiv2][status] GET https://api.github.com/repos/y/actions/secrets/public-key 404
[debug] [2025-12-14T21:02:00.385Z] <<< [apiv2][body] GET https://api.github.com/repos/y/actions/secrets/public-key {"message":"Not Found","documentation_url":"https://docs.github.com/rest","status":"404"}
[info] 
[info] 
[error] ⚠  The provided authorization cannot be used with this repository. If this repository is in an organization, did you remember to grant access? 
[info] 
[info] i  Action required: Visit this URL to ensure access has been granted to the appropriate organization(s) for the Firebase CLI GitHub OAuth App: 
[info] https://github.com/settings/connections/applications/89cf50f02ac6aaed3484
[info] 
[debug] [2025-12-14T21:02:03.926Z] >>> [apiv2][query] GET https://api.github.com/repos//actions/secrets/public-key type=owner
[debug] [2025-12-14T21:02:04.582Z] <<< [apiv2][status] GET https://api.github.com/repos//actions/secrets/public-key 404
[debug] [2025-12-14T21:02:04.583Z] <<< [apiv2][body] GET https://api.github.com/repos//actions/secrets/public-key {"message":"Not Found","documentation_url":"https://docs.github.com/rest","status":"404"}
[info] 
[info] 
[error] ⚠  The provided authorization cannot be used with this repository. If this repository is in an organization, did you remember to grant access? 
[info] 
[info] i  Action required: Visit this URL to ensure access has been granted to the appropriate organization(s) for the Firebase CLI GitHub OAuth App: 
[info] https://github.com/settings/connections/applications/89cf50f02ac6aaed3484
[info] 
[debug] [2025-12-14T21:02:30.317Z] >>> [apiv2][query] GET https://api.github.com/repos/Keitayam/React-output/actions/secrets/public-key type=owner
[debug] [2025-12-14T21:02:31.038Z] <<< [apiv2][status] GET https://api.github.com/repos/Keitayam/React-output/actions/secrets/public-key 404
[debug] [2025-12-14T21:02:31.039Z] <<< [apiv2][body] GET https://api.github.com/repos/Keitayam/React-output/actions/secrets/public-key {"message":"Not Found","documentation_url":"https://docs.github.com/rest/actions/secrets#get-a-repository-public-key","status":"404"}
[info] 
[info] 
[error] ⚠  The provided authorization cannot be used with this repository. If this repository is in an organization, did you remember to grant access? 
[info] 
[info] i  Action required: Visit this URL to ensure access has been granted to the appropriate organization(s) for the Firebase CLI GitHub OAuth App: 
[info] https://github.com/settings/connections/applications/89cf50f02ac6aaed3484
[info] 
[debug] [2025-12-14T21:02:35.980Z] >>> [apiv2][query] GET https://api.github.com/repos/Keitayam/React-output/actions/secrets/public-key type=owner
[debug] [2025-12-14T21:02:36.371Z] <<< [apiv2][status] GET https://api.github.com/repos/Keitayam/React-output/actions/secrets/public-key 404
[debug] [2025-12-14T21:02:36.371Z] <<< [apiv2][body] GET https://api.github.com/repos/Keitayam/React-output/actions/secrets/public-key {"message":"Not Found","documentation_url":"https://docs.github.com/rest/actions/secrets#get-a-repository-public-key","status":"404"}
[info] 
[info] 
[error] ⚠  The provided authorization cannot be used with this repository. If this repository is in an organization, did you remember to grant access? 
[info] 
[info] i  Action required: Visit this URL to ensure access has been granted to the appropriate organization(s) for the Firebase CLI GitHub OAuth App: 
[info] https://github.com/settings/connections/applications/89cf50f02ac6aaed3484
[info] 
[debug] [2025-12-14T21:05:09.737Z] >>> [apiv2][query] GET https://api.github.com/repos/Keitayam/React-outputCtrl + C/actions/secrets/public-key type=owner
[debug] [2025-12-14T21:05:10.601Z] <<< [apiv2][status] GET https://api.github.com/repos/Keitayam/React-outputCtrl + C/actions/secrets/public-key 404
[debug] [2025-12-14T21:05:10.601Z] <<< [apiv2][body] GET https://api.github.com/repos/Keitayam/React-outputCtrl + C/actions/secrets/public-key {"message":"Not Found","documentation_url":"https://docs.github.com/rest/actions/secrets#get-a-repository-public-key","status":"404"}
[info] 
[info] 
[error] ⚠  The provided authorization cannot be used with this repository. If this repository is in an organization, did you remember to grant access? 
[info] 
[info] i  Action required: Visit this URL to ensure access has been granted to the appropriate organization(s) for the Firebase CLI GitHub OAuth App: 
[info] https://github.com/settings/connections/applications/89cf50f02ac6aaed3484
[info] 
[debug] [2025-12-14T21:05:23.392Z] >>> [apiv2][query] GET https://api.github.com/repos/Ctrl + C/actions/secrets/public-key type=owner
[debug] [2025-12-14T21:05:24.056Z] <<< [apiv2][status] GET https://api.github.com/repos/Ctrl + C/actions/secrets/public-key 404
[debug] [2025-12-14T21:05:24.056Z] <<< [apiv2][body] GET https://api.github.com/repos/Ctrl + C/actions/secrets/public-key {"message":"Not Found","documentation_url":"https://docs.github.com/rest","status":"404"}
[info] 
[info] 
[error] ⚠  The provided authorization cannot be used with this repository. If this repository is in an organization, did you remember to grant access? 
[info] 
[info] i  Action required: Visit this URL to ensure access has been granted to the appropriate organization(s) for the Firebase CLI GitHub OAuth App: 
[info] https://github.com/settings/connections/applications/89cf50f02ac6aaed3484
[info] 
[debug] [2025-12-14T21:11:57.045Z] Error: read EIO
    at TTY.onStreamRead (node:internal/stream_base_commons:216:20)
    at TTY.callbackTrampoline (node:internal/async_hooks:130:17)
[error] 
[error] Error: An unexpected error has occurred.
[debug] [2025-12-14T21:11:57.054Z] Error: write EIO
    at afterWriteDispatched (node:internal/stream_base_commons:159:15)
    at writeGeneric (node:internal/stream_base_commons:150:3)
    at Socket._writeGeneric (node:net:971:11)
    at Socket._write (node:net:983:8)
    at writeOrBuffer (node:internal/streams/writable:572:12)
    at _write (node:internal/streams/writable:501:10)
    at Writable.write (node:internal/streams/writable:510:10)
    at Console.log (/Users/keita/.npm/_npx/7750544ccf494d8b/node_modules/winston/lib/winston/transports/console.js:87:23)
    at Console._write (/Users/keita/.npm/_npx/7750544ccf494d8b/node_modules/winston-transport/modern.js:103:17)
    at doWrite (/Users/keita/.npm/_npx/7750544ccf494d8b/node_modules/winston-transport/node_modules/readable-stream/lib/_stream_writable.js:390:139)
[error] 
[error] Error: An unexpected error has occurred.
[debug] [2025-12-14T21:11:57.054Z] Error: write EIO
    at afterWriteDispatched (node:internal/stream_base_commons:159:15)
    at writeGeneric (node:internal/stream_base_commons:150:3)
    at Socket._writeGeneric (node:net:971:11)
    at Socket._write (node:net:983:8)
    at writeOrBuffer (node:internal/streams/writable:572:12)
    at _write (node:internal/streams/writable:501:10)
    at Writable.write (node:internal/streams/writable:510:10)
    at Console.log (/Users/keita/.npm/_npx/7750544ccf494d8b/node_modules/winston/lib/winston/transports/console.js:87:23)
    at Console._write (/Users/keita/.npm/_npx/7750544ccf494d8b/node_modules/winston-transport/modern.js:103:17)
    at doWrite (/Users/keita/.npm/_npx/7750544ccf494d8b/node_modules/winston-transport/node_modules/readable-stream/lib/_stream_writable.js:390:139)
[error] 
[error] Error: An unexpected error has occurred.
[debug] [2025-12-14T21:11:57.055Z] Error: write EIO
    at afterWriteDispatched (node:internal/stream_base_commons:159:15)
    at writeGeneric (node:internal/stream_base_commons:150:3)
    at Socket._writeGeneric (node:net:971:11)
    at Socket._write (node:net:983:8)
    at writeOrBuffer (node:internal/streams/writable:572:12)
    at _write (node:internal/streams/writable:501:10)
    at Writable.write (node:internal/streams/writable:510:10)
    at Console.log (/Users/keita/.npm/_npx/7750544ccf494d8b/node_modules/winston/lib/winston/transports/console.js:87:23)
    at Console._write (/Users/keita/.npm/_npx/7750544ccf494d8b/node_modules/winston-transport/modern.js:103:17)
    at doWrite (/Users/keita/.npm/_npx/7750544ccf494d8b/node_modules/winston-transport/node_modules/readable-stream/lib/_stream_writable.js:390:139)
[error] 
[error] Error: An unexpected error has occurred.
[debug] [2025-12-14T21:11:57.057Z] Error: write EIO
    at afterWriteDispatched (node:internal/stream_base_commons:159:15)
    at writeGeneric (node:internal/stream_base_commons:150:3)
    at Socket._writeGeneric (node:net:971:11)
    at Socket._write (node:net:983:8)
    at writeOrBuffer (node:internal/streams/writable:572:12)
    at _write (node:internal/streams/writable:501:10)
    at Writable.write (node:internal/streams/writable:510:10)
    at Console.log (/Users/keita/.npm/_npx/7750544ccf494d8b/node_modules/winston/lib/winston/transports/console.js:87:23)
    at Console._write (/Users/keita/.npm/_npx/7750544ccf494d8b/node_modules/winston-transport/modern.js:103:17)
    at doWrite (/Users/keita/.npm/_npx/7750544ccf494d8b/node_modules/winston-transport/node_modules/readable-stream/lib/_stream_writable.js:390:139)
[error] 
[error] Error: An unexpected error has occurred.
[debug] [2025-12-14T21:11:57.064Z] Error: write EIO
    at afterWriteDispatched (node:internal/stream_base_commons:159:15)
    at writeGeneric (node:internal/stream_base_commons:150:3)
    at Socket._writeGeneric (node:net:971:11)
    at Socket._write (node:net:983:8)
    at writeOrBuffer (node:internal/streams/writable:572:12)
    at _write (node:internal/streams/writable:501:10)
    at Writable.write (node:internal/streams/writable:510:10)
    at Console.log (/Users/keita/.npm/_npx/7750544ccf494d8b/node_modules/winston/lib/winston/transports/console.js:87:23)
    at Console._write (/Users/keita/.npm/_npx/7750544ccf494d8b/node_modules/winston-transport/modern.js:103:17)
    at doWrite (/Users/keita/.npm/_npx/7750544ccf494d8b/node_modules/winston-transport/node_modules/readable-stream/lib/_stream_writable.js:390:139)
[error] 
[error] Error: An unexpected error has occurred.
[debug] [2025-12-14T21:11:57.064Z] Error: write EIO
    at afterWriteDispatched (node:internal/stream_base_commons:159:15)
    at writeGeneric (node:internal/stream_base_commons:150:3)
    at Socket._writeGeneric (node:net:971:11)
    at Socket._write (node:net:983:8)
    at writeOrBuffer (node:internal/streams/writable:572:12)
    at _write (node:internal/streams/writable:501:10)
    at Writable.write (node:internal/streams/writable:510:10)
    at Console.log (/Users/keita/.npm/_npx/7750544ccf494d8b/node_modules/winston/lib/winston/transports/console.js:87:23)
    at Console._write (/Users/keita/.npm/_npx/7750544ccf494d8b/node_modules/winston-transport/modern.js:103:17)
    at doWrite (/Users/keita/.npm/_npx/7750544ccf494d8b/node_modules/winston-transport/node_modules/readable-stream/lib/_stream_writable.js:390:139)
[error] 
[error] Error: An unexpected error has occurred.
[debug] [2025-12-14T21:11:57.064Z] Error: write EIO
    at afterWriteDispatched (node:internal/stream_base_commons:159:15)
    at writeGeneric (node:internal/stream_base_commons:150:3)
    at Socket._writeGeneric (node:net:971:11)
    at Socket._write (node:net:983:8)
    at writeOrBuffer (node:internal/streams/writable:572:12)
    at _write (node:internal/streams/writable:501:10)
    at Writable.write (node:internal/streams/writable:510:10)
    at Console.log (/Users/keita/.npm/_npx/7750544ccf494d8b/node_modules/winston/lib/winston/transports/console.js:87:23)
    at Console._write (/Users/keita/.npm/_npx/7750544ccf494d8b/node_modules/winston-transport/modern.js:103:17)
    at doWrite (/Users/keita/.npm/_npx/7750544ccf494d8b/node_modules/winston-transport/node_modules/readable-stream/lib/_stream_writable.js:390:139)
[error] 
[error] Error: An unexpected error has occurred.
[debug] [2025-12-14T21:11:57.064Z] Error: write EIO
    at afterWriteDispatched (node:internal/stream_base_commons:159:15)
    at writeGeneric (node:internal/stream_base_commons:150:3)
    at Socket._writeGeneric (node:net:971:11)
    at Socket._write (node:net:983:8)
    at writeOrBuffer (node:internal/streams/writable:572:12)
    at _write (node:internal/streams/writable:501:10)
    at Writable.write (node:internal/streams/writable:510:10)
    at Console.log (/Users/keita/.npm/_npx/7750544ccf494d8b/node_modules/winston/lib/winston/transports/console.js:87:23)
    at Console._write (/Users/keita/.npm/_npx/7750544ccf494d8b/node_modules/winston-transport/modern.js:103:17)
    at doWrite (/Users/keita/.npm/_npx/7750544ccf494d8b/node_modules/winston-transport/node_modules/readable-stream/lib/_stream_writable.js:390:139)
[error] 
[error] Error: An unexpected error has occurred.
